[themewagon.github.io/WaterLand/index.html]
[backblue.gif]
[fade.gif]
[index.html]
[use.fontawesome.com/releases/v5.15.4/css/all.css]
[cdn.jsdelivr.net/npm/bootstrap-icons@1.4.1/font/bootstrap-icons.css]
[themewagon.github.io/WaterLand/lib/animate/animate.min.css]
[themewagon.github.io/WaterLand/lib/lightbox/css/lightbox.min.css]
[themewagon.github.io/WaterLand/lib/owlcarousel/assets/owl.carousel.min.css]
[themewagon.github.io/WaterLand/css/bootstrap.min.css]
[themewagon.github.io/WaterLand/css/style.css]
[themewagon.github.io/WaterLand/index-2.html]
[themewagon.github.io/WaterLand/about.html]
[themewagon.github.io/WaterLand/service.html]
[themewagon.github.io/WaterLand/blog.html]
[themewagon.github.io/WaterLand/feature.html]
[themewagon.github.io/WaterLand/gallery.html]
[themewagon.github.io/WaterLand/attraction.html]
[themewagon.github.io/WaterLand/package.html]
[themewagon.github.io/WaterLand/team.html]
[themewagon.github.io/WaterLand/testimonial.html]
[themewagon.github.io/WaterLand/404.html]
[themewagon.github.io/WaterLand/contact.html]
[themewagon.github.io/WaterLand/img/carousel-1.jpg]
[themewagon.github.io/WaterLand/img/carousel-2.jpg]
[themewagon.github.io/WaterLand/img/feature-1.jpg]
[themewagon.github.io/WaterLand/img/feature-2.jpg]
[themewagon.github.io/WaterLand/img/feature-3.jpg]
[themewagon.github.io/WaterLand/img/about.jpg]
[themewagon.github.io/WaterLand/img/attraction-1.jpg]
[themewagon.github.io/WaterLand/img/attraction-2.jpg]
[themewagon.github.io/WaterLand/img/attraction-3.jpg]
[themewagon.github.io/WaterLand/img/attraction-4.jpg]
[themewagon.github.io/WaterLand/img/gallery-1.jpg]
[themewagon.github.io/WaterLand/img/gallery-2.jpg]
[themewagon.github.io/WaterLand/img/gallery-3.jpg]
[themewagon.github.io/WaterLand/img/gallery-4.jpg]
[themewagon.github.io/WaterLand/img/gallery-5.jpg]
[themewagon.github.io/WaterLand/img/gallery-6.jpg]
[themewagon.github.io/WaterLand/img/blog-2.jpg]
[themewagon.github.io/WaterLand/img/blog-3.jpg]
[themewagon.github.io/WaterLand/img/blog-1.jpg]
[themewagon.github.io/WaterLand/img/team-1.jpg]
[themewagon.github.io/WaterLand/img/team-2.jpg]
[themewagon.github.io/WaterLand/img/team-3.jpg]
[themewagon.github.io/WaterLand/img/testimonial-1.jpg]
[themewagon.github.io/WaterLand/img/testimonial-2.jpg]
[themewagon.github.io/WaterLand/img/testimonial-3.jpg]
[themewagon.github.io/WaterLand/img/payment.png]
[ajax.googleapis.com/ajax/libs/jquery/3.6.4/jquery.min.js]
[cdn.jsdelivr.net/npm/bootstrap@5.0.0/dist/js/bootstrap.bundle.min.js]
[themewagon.github.io/WaterLand/lib/wow/wow.min.js]
[themewagon.github.io/WaterLand/lib/easing/easing.min.js]
[themewagon.github.io/WaterLand/lib/waypoints/waypoints.min.js]
[themewagon.github.io/WaterLand/lib/counterup/counterup.min.js]
[themewagon.github.io/WaterLand/lib/lightbox/js/lightbox.min.js]
[themewagon.github.io/WaterLand/lib/owlcarousel/owl.carousel.min.js]
[themewagon.github.io/WaterLand/js/main.js]
[themewagon.github.io/WaterLand/index.html]
[use.fontawesome.com/releases/v5.15.4/css/all.css]
[cdn.jsdelivr.net/npm/bootstrap-icons@1.4.1/font/fonts/bootstrap-iconsfb95.woff2]
[cdn.jsdelivr.net/npm/bootstrap-icons@1.4.1/font/fonts/bootstrap-iconsfb95.woff]
[cdn.jsdelivr.net/npm/bootstrap-icons@1.4.1/font/bootstrap-icons.css]
[themewagon.github.io/WaterLand/lib/animate/animate.min.css]
[themewagon.github.io/WaterLand/lib/lightbox/images/loading.gif]
[themewagon.github.io/WaterLand/lib/lightbox/css/lightbox.min.css]
[themewagon.github.io/WaterLand/lib/owlcarousel/assets/owl.video.play.png]
[themewagon.github.io/WaterLand/lib/owlcarousel/assets/owl.carousel.min.css]
[themewagon.github.io/WaterLand/css/bootstrap.min.css]
[themewagon.github.io/WaterLand/css/style.css]
[themewagon.github.io/WaterLand/index-2.html]
[themewagon.github.io/WaterLand/about.html]
[themewagon.github.io/WaterLand/service.html]
[themewagon.github.io/WaterLand/blog.html]
[themewagon.github.io/WaterLand/feature.html]
[themewagon.github.io/WaterLand/gallery.html]
[themewagon.github.io/WaterLand/attraction.html]
[themewagon.github.io/WaterLand/package.html]
[themewagon.github.io/WaterLand/team.html]
[themewagon.github.io/WaterLand/testimonial.html]
[themewagon.github.io/WaterLand/404.html]
[themewagon.github.io/WaterLand/contact.html]
