[demos.creative-tim.com/material-dashboard-pro-bs4/examples/dashboardd7e2.html]
[demos.creative-tim.com/material-dashboard-pro-bs4/assets/img/apple-icon.png]
[demos.creative-tim.com/material-dashboard-pro-bs4/assets/img/favicon.png]
[backblue.gif]
[fade.gif]
[index.html]
[s3.amazonaws.com/creativetim_bucket/products/51/original/opt_mdp_thumbnail.jpg]
[maxcdn.bootstrapcdn.com/font-awesome/latest/css/font-awesome.min.css]
[demos.creative-tim.com/material-dashboard-pro-bs4/assets/css/material-dashboard.min6c54.css]
[demos.creative-tim.com/material-dashboard-pro-bs4/assets/demo/demo.css]
[demos.creative-tim.com/material-dashboard-pro-bs4/assets/img/sidebar-1.jpg]
[demos.creative-tim.com/material-dashboard-pro-bs4/assets/img/faces/avatar.jpg]
[demos.creative-tim.com/material-dashboard-pro-bs4/examples/dashboard.html]
[demos.creative-tim.com/material-dashboard-pro-bs4/examples/pages/pricing.html]
[demos.creative-tim.com/material-dashboard-pro-bs4/examples/pages/rtl.html]
[demos.creative-tim.com/material-dashboard-pro-bs4/examples/pages/timeline.html]
[demos.creative-tim.com/material-dashboard-pro-bs4/examples/pages/login.html]
[demos.creative-tim.com/material-dashboard-pro-bs4/examples/pages/register.html]
[demos.creative-tim.com/material-dashboard-pro-bs4/examples/pages/lock.html]
[demos.creative-tim.com/material-dashboard-pro-bs4/examples/pages/user.html]
[demos.creative-tim.com/material-dashboard-pro-bs4/examples/pages/error.html]
[demos.creative-tim.com/material-dashboard-pro-bs4/examples/components/buttons.html]
[demos.creative-tim.com/material-dashboard-pro-bs4/examples/components/grid.html]
[demos.creative-tim.com/material-dashboard-pro-bs4/examples/components/panels.html]
[demos.creative-tim.com/material-dashboard-pro-bs4/examples/components/sweet-alert.html]
[demos.creative-tim.com/material-dashboard-pro-bs4/examples/components/notifications.html]
[demos.creative-tim.com/material-dashboard-pro-bs4/examples/components/icons.html]
[demos.creative-tim.com/material-dashboard-pro-bs4/examples/components/typography.html]
[demos.creative-tim.com/material-dashboard-pro-bs4/examples/forms/regular.html]
[demos.creative-tim.com/material-dashboard-pro-bs4/examples/forms/extended.html]
[demos.creative-tim.com/material-dashboard-pro-bs4/examples/forms/validation.html]
[demos.creative-tim.com/material-dashboard-pro-bs4/examples/forms/wizard.html]
[demos.creative-tim.com/material-dashboard-pro-bs4/examples/tables/regular.html]
[demos.creative-tim.com/material-dashboard-pro-bs4/examples/tables/extended.html]
[demos.creative-tim.com/material-dashboard-pro-bs4/examples/tables/datatables.net.html]
[demos.creative-tim.com/material-dashboard-pro-bs4/examples/maps/google.html]
[demos.creative-tim.com/material-dashboard-pro-bs4/examples/maps/fullscreen.html]
[demos.creative-tim.com/material-dashboard-pro-bs4/examples/maps/vector.html]
[demos.creative-tim.com/material-dashboard-pro-bs4/examples/widgets.html]
[demos.creative-tim.com/material-dashboard-pro-bs4/examples/charts.html]
[demos.creative-tim.com/material-dashboard-pro-bs4/examples/calendar.html]
[demos.creative-tim.com/material-dashboard-pro-bs4/assets/img/flags/US.png]
[demos.creative-tim.com/material-dashboard-pro-bs4/assets/img/flags/DE.png]
[demos.creative-tim.com/material-dashboard-pro-bs4/assets/img/flags/AU.png]
[demos.creative-tim.com/material-dashboard-pro-bs4/assets/img/flags/GB.png]
[demos.creative-tim.com/material-dashboard-pro-bs4/assets/img/flags/RO.png]
[demos.creative-tim.com/material-dashboard-pro-bs4/assets/img/flags/BR.png]
[demos.creative-tim.com/material-dashboard-pro-bs4/assets/img/card-2.jpg]
[demos.creative-tim.com/material-dashboard-pro-bs4/assets/img/card-3.jpg]
[demos.creative-tim.com/material-dashboard-pro-bs4/assets/img/card-1.jpg]
[demos.creative-tim.com/material-dashboard-pro-bs4/assets/img/sidebar-2.jpg]
[demos.creative-tim.com/material-dashboard-pro-bs4/assets/img/sidebar-3.jpg]
[demos.creative-tim.com/material-dashboard-pro-bs4/assets/img/sidebar-4.jpg]
[demos.creative-tim.com/material-dashboard-pro-bs4/assets/js/core/jquery.min.js]
[demos.creative-tim.com/material-dashboard-pro-bs4/assets/js/core/popper.min.js]
[demos.creative-tim.com/material-dashboard-pro-bs4/assets/js/core/bootstrap-material-design.min.js]
[demos.creative-tim.com/material-dashboard-pro-bs4/assets/js/plugins/perfect-scrollbar.min.js]
[demos.creative-tim.com/material-dashboard-pro-bs4/assets/js/plugins/moment.min.js]
[demos.creative-tim.com/material-dashboard-pro-bs4/assets/js/plugins/sweetalert2.js]
[demos.creative-tim.com/material-dashboard-pro-bs4/assets/js/plugins/jquery.validate.min.js]
[demos.creative-tim.com/material-dashboard-pro-bs4/assets/js/plugins/jquery.bootstrap-wizard.js]
[demos.creative-tim.com/material-dashboard-pro-bs4/assets/js/plugins/bootstrap-selectpicker.js]
[demos.creative-tim.com/material-dashboard-pro-bs4/assets/js/plugins/bootstrap-datetimepicker.min.js]
[demos.creative-tim.com/material-dashboard-pro-bs4/assets/js/plugins/jquery.dataTables.min.js]
[demos.creative-tim.com/material-dashboard-pro-bs4/assets/js/plugins/bootstrap-tagsinput.js]
[demos.creative-tim.com/material-dashboard-pro-bs4/assets/js/plugins/jasny-bootstrap.min.js]
[demos.creative-tim.com/material-dashboard-pro-bs4/assets/js/plugins/fullcalendar.min.js]
[demos.creative-tim.com/material-dashboard-pro-bs4/assets/js/plugins/jquery-jvectormap.js]
[demos.creative-tim.com/material-dashboard-pro-bs4/assets/js/plugins/nouislider.min.js]
[cdnjs.cloudflare.com/ajax/libs/core-js/2.4.1/core.js]
[demos.creative-tim.com/material-dashboard-pro-bs4/assets/js/plugins/arrive.min.js]
[buttons.github.io/buttons.js]
[demos.creative-tim.com/material-dashboard-pro-bs4/assets/js/plugins/chartist.min.js]
[demos.creative-tim.com/material-dashboard-pro-bs4/assets/js/plugins/bootstrap-notify.js]
[demos.creative-tim.com/material-dashboard-pro-bs4/assets/js/material-dashboard.min6c54.js]
[demos.creative-tim.com/material-dashboard-pro-bs4/assets/demo/jquery.sharrre.js]
[demos.creative-tim.com/material-dashboard-pro-bs4/examples/dashboardd7e2.html]
[maxcdn.bootstrapcdn.com/font-awesome/latest/css/font-awesome.min.css]
[demos.creative-tim.com/material-dashboard-pro-bs4/assets/css/material-dashboard.min6c54.css]
[demos.creative-tim.com/material-dashboard-pro-bs4/assets/demo/demo.css]
[www.googletagmanager.com/gtm5445.html]
[demos.creative-tim.com/material-dashboard-pro-bs4/examples/dashboard.html]
[connect.facebook.net/en_US/fbevents.js]
[demos.creative-tim.com/material-dashboard-pro-bs4/assets/img/bg-pricing.jpg]
[demos.creative-tim.com/material-dashboard-pro-bs4/examples/pages/pricing.html]
[cdnjs.cloudflare.com/ajax/libs/bootstrap-rtl/3.4.0/css/bootstrap-rtl.css]
[demos.creative-tim.com/material-dashboard-pro-bs4/assets/img/faces/card-profile1-square.jpg]
[demos.creative-tim.com/material-dashboard-pro-bs4/examples/pages/rtl.html]
[demos.creative-tim.com/material-dashboard-pro-bs4/examples/pages/timeline.html]
[demos.creative-tim.com/material-dashboard-pro-bs4/assets/img/login.jpg]
[demos.creative-tim.com/material-dashboard-pro-bs4/examples/pages/login.html]
[demos.creative-tim.com/material-dashboard-pro-bs4/assets/img/register.jpg]
[demos.creative-tim.com/material-dashboard-pro-bs4/examples/pages/register.html]
[demos.creative-tim.com/material-dashboard-pro-bs4/assets/img/lock.jpg]
[demos.creative-tim.com/material-dashboard-pro-bs4/examples/pages/lock.html]
[demos.creative-tim.com/material-dashboard-pro-bs4/assets/img/faces/marc.jpg]
[demos.creative-tim.com/material-dashboard-pro-bs4/examples/pages/user.html]
[demos.creative-tim.com/material-dashboard-pro-bs4/assets/img/clint-mckoy.jpg]
[demos.creative-tim.com/material-dashboard-pro-bs4/examples/pages/error.html]
[demos.creative-tim.com/material-dashboard-pro-bs4/examples/components/buttons.html]
[demos.creative-tim.com/material-dashboard-pro-bs4/examples/components/grid.html]
[demos.creative-tim.com/material-dashboard-pro-bs4/examples/components/panels.html]
[demos.creative-tim.com/material-dashboard-pro-bs4/examples/components/sweet-alert.html]
[demos.creative-tim.com/material-dashboard-pro-bs4/examples/components/notifications.html]
[demos.creative-tim.com/material-dashboard-pro-bs4/examples/components/icons.html]
[demos.creative-tim.com/material-dashboard-pro-bs4/examples/components/typography.html]
[demos.creative-tim.com/material-dashboard-pro-bs4/examples/forms/regular.html]
[demos.creative-tim.com/cdn-cgi/scripts/5c5dd728/cloudflare-static/email-decode.min.js]
[demos.creative-tim.com/material-dashboard-pro-bs4/assets/img/image_placeholder.jpg]
[demos.creative-tim.com/material-dashboard-pro-bs4/assets/img/placeholder.jpg]
[demos.creative-tim.com/material-dashboard-pro-bs4/examples/forms/extended.html]
[demos.creative-tim.com/material-dashboard-pro-bs4/examples/forms/true]
[demos.creative-tim.com/material-dashboard-pro-bs4/examples/forms/validation.html]
[demos.creative-tim.com/material-dashboard-pro-bs4/assets/img/default-avatar.png]
[demos.creative-tim.com/material-dashboard-pro-bs4/examples/forms/wizard.html]
[demos.creative-tim.com/material-dashboard-pro-bs4/examples/tables/regular.html]
[demos.creative-tim.com/material-dashboard-pro-bs4/assets/img/product1.jpg]
[demos.creative-tim.com/material-dashboard-pro-bs4/assets/img/product2.jpg]
[demos.creative-tim.com/material-dashboard-pro-bs4/assets/img/product3.jpg]
[demos.creative-tim.com/material-dashboard-pro-bs4/examples/tables/extended.html]
[demos.creative-tim.com/material-dashboard-pro-bs4/examples/tables/datatables.net.html]
[demos.creative-tim.com/material-dashboard-pro-bs4/examples/maps/google.html]
[demos.creative-tim.com/material-dashboard-pro-bs4/examples/maps/fullscreen.html]
[demos.creative-tim.com/material-dashboard-pro-bs4/examples/maps/vector.html]
[demos.creative-tim.com/material-dashboard-pro-bs4/examples/widgets.html]
[demos.creative-tim.com/material-dashboard-pro-bs4/examples/charts.html]
[demos.creative-tim.com/material-dashboard-pro-bs4/examples/calendar.html]
[demos.creative-tim.com/material-dashboard-pro-bs4/examples/a]
[demos.creative-tim.com/material-dashboard-pro-bs4/examples/POST]
[demos.creative-tim.com/material-dashboard-pro-bs4/examples/b.resolvedLink]
[demos.creative-tim.com/material-dashboard-pro-bs4/examples/schema.org/index.html]
[demos.creative-tim.com/signals/iwl.js]
[connect.facebook.net/en_US/fbevents.js]
[cdnjs.cloudflare.com/ajax/libs/bootstrap-rtl/3.4.0/css/bootstrap-rtl.css]
[demos.creative-tim.com/material-dashboard-pro-bs4/examples/forms/true.html]
[demos.creative-tim.com/material-dashboard-pro-bs4/examples/a.html]
[demos.creative-tim.com/material-dashboard-pro-bs4/examples/POST.html]
[demos.creative-tim.com/material-dashboard-pro-bs4/examples/schema.org/index.html]
[demos.creative-tim.com/material-dashboard-pro-bs4/examples/b.html]
[demos.creative-tim.com/signals/iwl.html]
